{"logLevel":"debug","message":"multithreading is set to true"}
{"logLevel":"debug","message":"multithreading enabled, number of threads=3"}
{"logLevel":"debug","message":"Using reflection to scan dependencies for gauge implementations..."}
SLF4J: Failed to load class "org.slf4j.impl.StaticLoggerBinder".
SLF4J: Defaulting to no-operation (NOP) logger implementation
SLF4J: See http://www.slf4j.org/codes.html#StaticLoggerBinder for further details.
{"logLevel":"debug","message":"gauge-java took 679milliseconds to load and scan. This should be less than 'runner_connection_timeout' config value."}
{"logLevel":"debug","message":"run 'gauge config runner_connection_timeout' and verify that it is < 679"}
{"logLevel":"debug","message":"starting gRPC server..."}
{"logLevel":"debug","message":"started gRPC server on port 50927"}
{"logLevel":"info","message":"Listening on port:50927"}
{"logLevel":"debug","message":"Scanning packages for steps"}
{"logLevel":"debug","message":"Comparing 'org.example.StepImplementation.openCardAndCheckAccuracy' and 'org.example.StepImplementation.openCardAndCheckAccuracy'"}
{"logLevel":"debug","message":"Found User opens cart with View cart button and checks price accuracy in current project scope."}
{"logLevel":"debug","message":"Comparing 'org.example.StepImplementation.isExistDescription' and 'org.example.StepImplementation.isExistDescription'"}
{"logLevel":"debug","message":"Found User checks product description existence in current project scope."}
{"logLevel":"debug","message":"Comparing 'org.example.StepImplementation.isExistPhoto' and 'org.example.StepImplementation.isExistPhoto'"}
{"logLevel":"debug","message":"Found User checks product photo existence in current project scope."}
{"logLevel":"debug","message":"Comparing 'org.example.StepImplementation.addToCard' and 'org.example.StepImplementation.addToCard'"}
{"logLevel":"debug","message":"Found User adds product to cart in current project scope."}
{"logLevel":"debug","message":"Comparing 'org.example.StepImplementation.fillAccountDetails' and 'org.example.StepImplementation.fillAccountDetails'"}
{"logLevel":"debug","message":"Found User fills account details and changes their password in current project scope."}
{"logLevel":"debug","message":"Comparing 'org.example.StepImplementation.fillEmailAndPasswordFields' and 'org.example.StepImplementation.fillEmailAndPasswordFields'"}
{"logLevel":"debug","message":"Found User enters email address and password for login in current project scope."}
{"logLevel":"debug","message":"Comparing 'org.example.StepImplementation.goToMyAccountPage' and 'org.example.StepImplementation.goToMyAccountPage'"}
{"logLevel":"debug","message":"Found User opens My Account page in current project scope."}
{"logLevel":"debug","message":"Comparing 'org.example.StepImplementation.landingPage' and 'org.example.StepImplementation.landingPage'"}
{"logLevel":"debug","message":"Found Open the SampleShop homepage in current project scope."}
{"logLevel":"debug","message":"Comparing 'org.example.StepImplementation.landingPage' and 'org.example.StepImplementation.landingPage'"}
{"logLevel":"debug","message":"Found Sayfayı aç in current project scope."}
{"logLevel":"debug","message":"Comparing 'org.example.StepImplementation.selectRandomProduct' and 'org.example.StepImplementation.selectRandomProduct'"}
{"logLevel":"debug","message":"Found User selects random product and opens detail in current project scope."}
{"logLevel":"debug","message":"Comparing 'org.example.StepImplementation.fillBillingInfos' and 'org.example.StepImplementation.fillBillingInfos'"}
{"logLevel":"debug","message":"Found User fills mandatory fields and click \u201cPlace Order\u201d button in current project scope."}
{"logLevel":"debug","message":"Comparing 'org.example.StepImplementation.proceed' and 'org.example.StepImplementation.proceed'"}
{"logLevel":"debug","message":"Found User proceeds to checkout in current project scope."}
{"logLevel":"debug","message":"Comparing 'org.example.StepImplementation.waitBySecond' and 'org.example.StepImplementation.waitBySecond'"}
{"logLevel":"debug","message":"Found wait {} seconds in current project scope."}
{"logLevel":"debug","message":"Comparing 'org.example.StepImplementation.isExist' and 'org.example.StepImplementation.isExist'"}
{"logLevel":"debug","message":"Found User checks product {} existence in current project scope."}
{"logLevel":"debug","message":"Comparing 'org.example.StepImplementation.register' and 'org.example.StepImplementation.register'"}
{"logLevel":"debug","message":"Found User completes registration scenario successfully by this e-mail in current project scope."}
{"logLevel":"debug","message":"Comparing 'org.example.StepImplementation.openDressesCategory' and 'org.example.StepImplementation.openDressesCategory'"}
{"logLevel":"debug","message":"Found User opens Dresses category in current project scope."}
{"logLevel":"debug","message":"Comparing 'org.example.StepImplementation.isAlreadyRegisteredAlertAppear' and 'org.example.StepImplementation.isAlreadyRegisteredAlertAppear'"}
{"logLevel":"debug","message":"Found Check if user already registered in current project scope."}
{"logLevel":"debug","message":"Comparing 'org.example.StepImplementation.openShopPage' and 'org.example.StepImplementation.openShopPage'"}
{"logLevel":"debug","message":"Found User opens Shop page in current project scope."}
{"logLevel":"debug","message":"Comparing 'org.example.StepImplementation.clickEditYourPassword' and 'org.example.StepImplementation.clickEditYourPassword'"}
{"logLevel":"debug","message":"Found User clicks \u201cedit your password and account details\u201d link. in current project scope."}
{"logLevel":"debug","message":"Comparing 'org.example.StepImplementation.isExistPrice' and 'org.example.StepImplementation.isExistPrice'"}
{"logLevel":"debug","message":"Found User checks product price existence in current project scope."}
{"logLevel":"debug","message":"Scanning packages for hooks"}
{"logLevel":"debug","message":"Scanned steps (using static parsing + reflections): "}
{"logLevel":"debug","message":"\tUser completes registration scenario successfully by this e-mail : public void register()"}
{"logLevel":"debug","message":"\tUser adds product to cart : public void addToCard()"}
{"logLevel":"debug","message":"\tUser checks product photo existence : public void isExistPhoto()"}
{"logLevel":"debug","message":"\tUser checks product description existence : public void isExistDescription()"}
{"logLevel":"debug","message":"\tUser checks product {} existence : public void isExist(By by)"}
{"logLevel":"debug","message":"\tUser opens Dresses category : public void openDressesCategory()"}
{"logLevel":"debug","message":"\tUser opens My Account page : public void goToMyAccountPage()"}
{"logLevel":"debug","message":"\tUser opens Shop page : public void openShopPage()"}
{"logLevel":"debug","message":"\tSayfayı aç : public void landingPage()"}
{"logLevel":"debug","message":"\tUser proceeds to checkout : public void proceed()"}
{"logLevel":"debug","message":"\tUser selects random product and opens detail : public void selectRandomProduct()"}
{"logLevel":"debug","message":"\tUser fills account details and changes their password : public void fillAccountDetails()"}
{"logLevel":"debug","message":"\twait {} seconds : public void waitBySecond(ınt x) throws InterruptedException"}
{"logLevel":"debug","message":"\tCheck if user already registered : public void isAlreadyRegisteredAlertAppear()"}
{"logLevel":"debug","message":"\tUser fills mandatory fields and click \u201cPlace Order\u201d button : public void fillBillingInfos()"}
{"logLevel":"debug","message":"\tUser clicks \u201cedit your password and account details\u201d link. : public void clickEditYourPassword()"}
{"logLevel":"debug","message":"\tUser enters email address and password for login : public void fillEmailAndPasswordFields()"}
{"logLevel":"debug","message":"\tUser opens cart with View cart button and checks price accuracy : public void openCardAndCheckAccuracy()"}
{"logLevel":"debug","message":"\tOpen the SampleShop homepage : public void landingPage()"}
{"logLevel":"debug","message":"\tUser checks product price existence : public void isExistPrice()"}
StartiSngt aCrhtrionmge DCrhirvoSemrt a9r4ti.n0g. 4C6h0re6o.D6m1r e(iDvriver e9r4 49.108.b4606.768f1583 8e(d4180bb781fc695b8b348e45.0.14e6a0062.5e26117d 1(84540911b58-br78fe5f8s3/8berda0b1ncc6h9-bh1be4aed5s1ea/042650261c7@16{895#4191b250b-4r}e) ofns /pborr4et5 330818ea
Only loncchal- hcaeoandns/4ec60026@{5#21172014t8}5i4)9o1n5s - ron epfoarst/branch- hr2e1 3a3l9lowed.
Pleeads/a
sOen4 s6ee0l6 @h{ttps://#c1h2r0omed4r}y)i  ovnl opcal ocrot 40332ne
Orn.chrloynm eilcotcial counonmenc.tsio oanrrse  aallowedr.e allgow/
ed.Psl
Pleeasaes es eee sceuerity-c ohnthttps://chrtopmse:/d/rcihvrer.chroosmmiieudme.drorrig/sevceaurtr.ictihyo-rcoomnsiiudme.roragt/nsesc fuoriirtoy ns-usgc ognfseiodresr astionsu tgfgioerso nss oung gkeestioentspi oinonnsg  ko neC ehproiknege mpeiDnrgCihver safe.
 ChrromoemDeriDverri vsearf es.af
e.
ChromeDriver was started successfully.
ChromeDriver was started successfully.
ChromeDriver was started successfully.
Eki 10, 2021 6:22:15 ÖÖ org.openqa.selenium.remote.ProtocolHandshake createSession
INFO: Detected dialect: W3C
Eki 10, 2021 6:22:15 ÖÖ org.openqa.selenium.remote.ProtocolHandshake createSession
INFO: Detected dialect: W3C
{"logLevel":"debug","message":"Executing 'Open the SampleShop homepage' using 'class org.example.StepImplementation.landingPage"}
{"logLevel":"debug","message":"Executing 'Open the SampleShop homepage' using 'class org.example.StepImplementation.landingPage"}
Eki 10, 2021 6:22:15 ÖÖ org.openqa.selenium.remote.ProtocolHandshake createSession
INFO: Detected dialect: W3C
{"logLevel":"debug","message":"Executing 'Open the SampleShop homepage' using 'class org.example.StepImplementation.landingPage"}
{"logLevel":"debug","message":"Executing 'User opens Shop page' using 'class org.example.StepImplementation.openShopPage"}
{"logLevel":"debug","message":"Executing 'User opens Dresses category' using 'class org.example.StepImplementation.openDressesCategory"}
{"logLevel":"debug","message":"Executing 'User selects random product and opens detail' using 'class org.example.StepImplementation.selectRandomProduct"}
{"logLevel":"debug","message":"Executing 'User checks product description existence' using 'class org.example.StepImplementation.isExistDescription"}
{"logLevel":"debug","message":"Killing Java runner..."}
{"logLevel":"debug","message":"Stopping execution pool..."}
{"logLevel":"debug","message":"Shutting down grpc server..."}
{"logLevel":"debug","message":"Runner killed gracefully."}
