{"logLevel":"debug","message":"multithreading is set to false"}
{"logLevel":"debug","message":"Using reflection to scan dependencies for gauge implementations..."}
SLF4J: Failed to load class "org.slf4j.impl.StaticLoggerBinder".
SLF4J: Defaulting to no-operation (NOP) logger implementation
SLF4J: See http://www.slf4j.org/codes.html#StaticLoggerBinder for further details.
{"logLevel":"debug","message":"gauge-java took 732milliseconds to load and scan. This should be less than 'runner_connection_timeout' config value."}
{"logLevel":"debug","message":"run 'gauge config runner_connection_timeout' and verify that it is < 732"}
{"logLevel":"debug","message":"starting gRPC server..."}
{"logLevel":"debug","message":"started gRPC server on port 55959"}
{"logLevel":"info","message":"Listening on port:55959"}
{"logLevel":"debug","message":"Scanning packages for steps"}
{"logLevel":"debug","message":"Comparing 'org.example.StepImplementation.fillAccountDetails' and 'org.example.StepImplementation.fillAccountDetails'"}
{"logLevel":"debug","message":"Found User fills account details and changes their password in current project scope."}
{"logLevel":"debug","message":"Comparing 'org.example.StepImplementation.openDressesCategory' and 'org.example.StepImplementation.openDressesCategory'"}
{"logLevel":"debug","message":"Found User opens Dresses category in current project scope."}
{"logLevel":"debug","message":"Comparing 'org.example.StepImplementation.goToMyAccountPage' and 'org.example.StepImplementation.goToMyAccountPage'"}
{"logLevel":"debug","message":"Found User opens My Account page in current project scope."}
{"logLevel":"debug","message":"Comparing 'org.example.StepImplementation.landingPage' and 'org.example.StepImplementation.landingPage'"}
{"logLevel":"debug","message":"Found Open the SampleShop homepage in current project scope."}
{"logLevel":"debug","message":"Comparing 'org.example.StepImplementation.landingPage' and 'org.example.StepImplementation.landingPage'"}
{"logLevel":"debug","message":"Found Sayfayı aç in current project scope."}
{"logLevel":"debug","message":"Comparing 'org.example.StepImplementation.selectRandomProduct' and 'org.example.StepImplementation.selectRandomProduct'"}
{"logLevel":"debug","message":"Found User selects random product and opens detail in current project scope."}
{"logLevel":"debug","message":"Comparing 'org.example.StepImplementation.openShopPage' and 'org.example.StepImplementation.openShopPage'"}
{"logLevel":"debug","message":"Found User opens Shop page in current project scope."}
{"logLevel":"debug","message":"Comparing 'org.example.StepImplementation.clickEditYourPassword' and 'org.example.StepImplementation.clickEditYourPassword'"}
{"logLevel":"debug","message":"Found User clicks \u201cedit your password and account details\u201d link. in current project scope."}
{"logLevel":"debug","message":"Comparing 'org.example.StepImplementation.ass' and 'org.example.StepImplementation.ass'"}
{"logLevel":"debug","message":"Found Input email {} and {} in current project scope."}
{"logLevel":"debug","message":"Scanning packages for hooks"}
{"logLevel":"debug","message":"Scanned steps (using static parsing + reflections): "}
{"logLevel":"debug","message":"\tInput email {} and {} : public void ass(String key1, String key2) throws InterruptedException"}
{"logLevel":"debug","message":"\tUser clicks \u201cedit your password and account details\u201d link. : public void clickEditYourPassword()"}
{"logLevel":"debug","message":"\tUser opens Dresses category : public void openDressesCategory()"}
{"logLevel":"debug","message":"\tUser opens My Account page : public void goToMyAccountPage()"}
{"logLevel":"debug","message":"\tUser opens Shop page : public void openShopPage()"}
{"logLevel":"debug","message":"\tSayfayı aç : public void landingPage()"}
{"logLevel":"debug","message":"\tUser selects random product and opens detail : public void selectRandomProduct() throws InterruptedException"}
{"logLevel":"debug","message":"\tOpen the SampleShop homepage : public void landingPage()"}
{"logLevel":"debug","message":"\tUser fills account details and changes their password : public void fillAccountDetails()"}
Starting ChromeDriver 93.0.4577.63 (ff5c0da2ec0adeaed5550e6c7e98417dac77d98a-refs/branch-heads/4577@{#1135}) on port 28386
Only local connections are allowed.
Please see https://chromedriver.chromium.org/security-considerations for suggestions on keeping ChromeDriver safe.
ChromeDriver was started successfully.
Eyl 12, 2021 11:35:26 PM org.openqa.selenium.remote.ProtocolHandshake createSession
INFO: Detected dialect: W3C
{"logLevel":"debug","message":"Executing 'Open the SampleShop homepage' using 'class org.example.StepImplementation.landingPage"}
{"logLevel":"debug","message":"Executing 'User opens My Account page' using 'class org.example.StepImplementation.goToMyAccountPage"}
{"logLevel":"debug","message":"Executing 'Input email {} and {}' using 'class org.example.StepImplementation.ass"}
{"logLevel":"debug","message":"Executing 'User clicks \u201cedit your password and account details\u201d link.' using 'class org.example.StepImplementation.clickEditYourPassword"}
{"logLevel":"debug","message":"Executing 'User fills account details and changes their password' using 'class org.example.StepImplementation.fillAccountDetails"}
{"logLevel":"debug","message":"Killing Java runner..."}
{"logLevel":"debug","message":"Stopping execution pool..."}
{"logLevel":"debug","message":"Shutting down grpc server..."}
{"logLevel":"debug","message":"Runner killed gracefully."}
